<?xml version="1.0" encoding="UTF-8"?>
<testng-results skipped="0" failed="0" ignored="3" total="4" passed="1">
  <reporter-output>
  </reporter-output>
  <suite name="Default suite" duration-ms="21847" started-at="2018-09-20T00:49:51Z" finished-at="2018-09-20T00:50:13Z">
    <groups>
    </groups>
    <test name="Default test" duration-ms="21847" started-at="2018-09-20T00:49:51Z" finished-at="2018-09-20T00:50:13Z">
      <class name="com.crm.qa.testcases.ContactsPageTest">
        <test-method status="PASS" signature="setUp()[pri:0, instance:com.crm.qa.testcases.ContactsPageTest@598067a5]" name="setUp" is-config="true" duration-ms="21089" started-at="2018-09-20T00:49:51Z" finished-at="2018-09-20T00:50:12Z">
          <reporter-output>
          </reporter-output>
        </test-method> <!-- setUp -->
        <test-method status="PASS" signature="verifyContactsPageLabel()[pri:1, instance:com.crm.qa.testcases.ContactsPageTest@598067a5]" name="verifyContactsPageLabel" duration-ms="42" started-at="2018-09-20T00:50:12Z" finished-at="2018-09-20T00:50:12Z">
          <reporter-output>
          </reporter-output>
        </test-method> <!-- verifyContactsPageLabel -->
        <test-method status="PASS" signature="tearDown()[pri:0, instance:com.crm.qa.testcases.ContactsPageTest@598067a5]" name="tearDown" is-config="true" duration-ms="689" started-at="2018-09-20T00:50:12Z" finished-at="2018-09-20T00:50:13Z">
          <reporter-output>
          </reporter-output>
        </test-method> <!-- tearDown -->
      </class> <!-- com.crm.qa.testcases.ContactsPageTest -->
    </test> <!-- Default test -->
  </suite> <!-- Default suite -->
</testng-results>
